<?xml version="1.0" encoding="UTF-8"?>
<!-- Generated by org.testng.reporters.JUnitXMLReporter -->
<testsuite ignored="0" hostname="LAPTOP-JMC3F72L" failures="1" tests="2" name="Test" time="27.692" errors="0" timestamp="2024-09-17T18:24:11 IST">
  <testcase classname="testCases.AccountRegistrationTest" name="verify_account_registration" time="3.315"/>
  <testcase classname="testCases.LoginTest" name="verify_login" time="12.285">
    <failure type="java.lang.AssertionError" message="expected [true] but found [false]">
      <![CDATA[java.lang.AssertionError: expected [true] but found [false]
at testCases.LoginTest.verify_login(LoginTest.java:32)
at java.base/java.util.ArrayList.forEach(ArrayList.java:1511)
... Removed 31 stack frames]]>
    </failure>
  </testcase> <!-- verify_login -->
</testsuite> <!-- Test -->
