<?xml version="1.0" encoding="UTF-8"?>
<testng-results ignored="0" total="2" passed="2" failed="0" skipped="0">
  <reporter-output>
  </reporter-output>
  <suite started-at="2024-09-19T15:31:02 IST" name="Suite" finished-at="2024-09-19T15:31:20 IST" duration-ms="18239">
    <groups>
      <group name="Master">
        <method signature="AccountRegistrationTest.verify_account_registration()[pri:0, instance:testCases.AccountRegistrationTest@6d24ffa1]" name="verify_account_registration" class="testCases.AccountRegistrationTest"/>
        <method signature="LoginTest.verify_login()[pri:0, instance:testCases.LoginTest@65a4798f]" name="verify_login" class="testCases.LoginTest"/>
      </group> <!-- Master -->
      <group name="Sanity">
        <method signature="LoginTest.verify_login()[pri:0, instance:testCases.LoginTest@65a4798f]" name="verify_login" class="testCases.LoginTest"/>
      </group> <!-- Sanity -->
      <group name="Regression">
        <method signature="AccountRegistrationTest.verify_account_registration()[pri:0, instance:testCases.AccountRegistrationTest@6d24ffa1]" name="verify_account_registration" class="testCases.AccountRegistrationTest"/>
      </group> <!-- Regression -->
    </groups>
    <test started-at="2024-09-19T15:31:02 IST" name="Test" finished-at="2024-09-19T15:31:20 IST" duration-ms="18239">
      <class name="testCases.LoginTest">
        <test-method is-config="true" signature="setup(java.lang.String,java.lang.String)[pri:0, instance:testCases.LoginTest@65a4798f]" started-at="2024-09-19T15:31:14 IST" name="setup" finished-at="2024-09-19T15:31:18 IST" duration-ms="3705" status="PASS">
          <params>
            <param index="0">
              <value>
                <![CDATA[windows]]>
              </value>
            </param>
            <param index="1">
              <value>
                <![CDATA[chrome]]>
              </value>
            </param>
          </params>
          <reporter-output>
          </reporter-output>
        </test-method> <!-- setup -->
        <test-method signature="verify_login()[pri:0, instance:testCases.LoginTest@65a4798f]" started-at="2024-09-19T15:31:18 IST" name="verify_login" finished-at="2024-09-19T15:31:20 IST" duration-ms="2057" status="PASS">
          <reporter-output>
          </reporter-output>
        </test-method> <!-- verify_login -->
        <test-method is-config="true" signature="tearDown()[pri:0, instance:testCases.LoginTest@65a4798f]" started-at="2024-09-19T15:31:20 IST" name="tearDown" finished-at="2024-09-19T15:31:20 IST" duration-ms="329" status="PASS">
          <reporter-output>
          </reporter-output>
        </test-method> <!-- tearDown -->
      </class> <!-- testCases.LoginTest -->
      <class name="testCases.AccountRegistrationTest">
        <test-method is-config="true" signature="setup(java.lang.String,java.lang.String)[pri:0, instance:testCases.AccountRegistrationTest@6d24ffa1]" started-at="2024-09-19T15:31:02 IST" name="setup" finished-at="2024-09-19T15:31:11 IST" duration-ms="8158" status="PASS">
          <params>
            <param index="0">
              <value>
                <![CDATA[windows]]>
              </value>
            </param>
            <param index="1">
              <value>
                <![CDATA[chrome]]>
              </value>
            </param>
          </params>
          <reporter-output>
          </reporter-output>
        </test-method> <!-- setup -->
        <test-method signature="verify_account_registration()[pri:0, instance:testCases.AccountRegistrationTest@6d24ffa1]" started-at="2024-09-19T15:31:11 IST" name="verify_account_registration" finished-at="2024-09-19T15:31:14 IST" duration-ms="3330" status="PASS">
          <reporter-output>
          </reporter-output>
        </test-method> <!-- verify_account_registration -->
        <test-method is-config="true" signature="tearDown()[pri:0, instance:testCases.AccountRegistrationTest@6d24ffa1]" started-at="2024-09-19T15:31:14 IST" name="tearDown" finished-at="2024-09-19T15:31:14 IST" duration-ms="315" status="PASS">
          <reporter-output>
          </reporter-output>
        </test-method> <!-- tearDown -->
      </class> <!-- testCases.AccountRegistrationTest -->
    </test> <!-- Test -->
  </suite> <!-- Suite -->
</testng-results>
