<?xml version="1.0" encoding="UTF-8"?>
<testng-results ignored="0" total="1" passed="1" failed="0" skipped="0">
  <reporter-output>
  </reporter-output>
  <suite started-at="2024-09-17T18:25:14 IST" name="Failed suite [Suite]" finished-at="2024-09-17T18:25:23 IST" duration-ms="8912">
    <groups>
      <group name="Master">
        <method signature="LoginTest.verify_login()[pri:0, instance:testCases.LoginTest@3d08f3f5]" name="verify_login" class="testCases.LoginTest"/>
      </group> <!-- Master -->
      <group name="Sanity">
        <method signature="LoginTest.verify_login()[pri:0, instance:testCases.LoginTest@3d08f3f5]" name="verify_login" class="testCases.LoginTest"/>
      </group> <!-- Sanity -->
    </groups>
    <test started-at="2024-09-17T18:25:14 IST" name="Test(failed)" finished-at="2024-09-17T18:25:23 IST" duration-ms="8912">
      <class name="testCases.LoginTest">
        <test-method is-config="true" signature="setup(java.lang.String,java.lang.String)[pri:0, instance:testCases.LoginTest@3d08f3f5]" started-at="2024-09-17T18:25:14 IST" name="setup" finished-at="2024-09-17T18:25:20 IST" duration-ms="5672" status="PASS">
          <params>
            <param index="0">
              <value>
                <![CDATA[windows]]>
              </value>
            </param>
            <param index="1">
              <value>
                <![CDATA[chrome]]>
              </value>
            </param>
          </params>
          <reporter-output>
          </reporter-output>
        </test-method> <!-- setup -->
        <test-method signature="verify_login()[pri:0, instance:testCases.LoginTest@3d08f3f5]" started-at="2024-09-17T18:25:20 IST" name="verify_login" finished-at="2024-09-17T18:25:22 IST" duration-ms="2647" status="PASS">
          <reporter-output>
          </reporter-output>
        </test-method> <!-- verify_login -->
        <test-method is-config="true" signature="tearDown()[pri:0, instance:testCases.LoginTest@3d08f3f5]" started-at="2024-09-17T18:25:22 IST" name="tearDown" finished-at="2024-09-17T18:25:23 IST" duration-ms="312" status="PASS">
          <reporter-output>
          </reporter-output>
        </test-method> <!-- tearDown -->
      </class> <!-- testCases.LoginTest -->
    </test> <!-- Test(failed) -->
  </suite> <!-- Failed suite [Suite] -->
</testng-results>
